This is pdfTeX, Version 3.14159265-2.6-1.40.19 (TeX Live 2018) (preloaded format=pdflatex 2018.11.13)  24 OCT 2020 08:52
entering extended mode
 restricted \write18 enabled.
 file:line:error style messages enabled.
 %&-line parsing enabled.
**"/Users/michaelbeukman/Google Drive/WITS/2020-Year3-Undergrad/COMS/COMS3005-AAA/assignments/assignment2/text/v3.tex"
(/Users/michaelbeukman/Google Drive/WITS/2020-Year3-Undergrad/COMS/COMS3005-AAA/assignments/assignment2/text/v3.tex
LaTeX2e <2018-04-01> patch level 2
Babel <3.18> and hyphenation patterns for 84 language(s) loaded.
(/usr/local/texlive/2018/texmf-dist/tex/latex/base/article.cls
Document Class: article 2014/09/29 v1.4h Standard LaTeX document class
(/usr/local/texlive/2018/texmf-dist/tex/latex/base/size10.clo
File: size10.clo 2014/09/29 v1.4h Standard LaTeX file (size option)
)
\c@part=\count80
\c@section=\count81
\c@subsection=\count82
\c@subsubsection=\count83
\c@paragraph=\count84
\c@subparagraph=\count85
\c@figure=\count86
\c@table=\count87
\abovecaptionskip=\skip41
\belowcaptionskip=\skip42
\bibindent=\dimen102
) (/usr/local/texlive/2018/texmf-dist/tex/latex/amsmath/amsmath.sty
Package: amsmath 2017/09/02 v2.17a AMS math features
\@mathmargin=\skip43

For additional information on amsmath, use the `?' option.
(/usr/local/texlive/2018/texmf-dist/tex/latex/amsmath/amstext.sty
Package: amstext 2000/06/29 v2.01 AMS text
 (/usr/local/texlive/2018/texmf-dist/tex/latex/amsmath/amsgen.sty
File: amsgen.sty 1999/11/30 v2.0 generic functions
\@emptytoks=\toks14
\ex@=\dimen103
)) (/usr/local/texlive/2018/texmf-dist/tex/latex/amsmath/amsbsy.sty
Package: amsbsy 1999/11/29 v1.2d Bold Symbols
\pmbraise@=\dimen104
) (/usr/local/texlive/2018/texmf-dist/tex/latex/amsmath/amsopn.sty
Package: amsopn 2016/03/08 v2.02 operator names
)
\inf@bad=\count88
LaTeX Info: Redefining \frac on input line 213.
\uproot@=\count89
\leftroot@=\count90
LaTeX Info: Redefining \overline on input line 375.
\classnum@=\count91
\DOTSCASE@=\count92
LaTeX Info: Redefining \ldots on input line 472.
LaTeX Info: Redefining \dots on input line 475.
LaTeX Info: Redefining \cdots on input line 596.
\Mathstrutbox@=\box26
\strutbox@=\box27
\big@size=\dimen105
LaTeX Font Info:    Redeclaring font encoding OML on input line 712.
LaTeX Font Info:    Redeclaring font encoding OMS on input line 713.
\macc@depth=\count93
\c@MaxMatrixCols=\count94
\dotsspace@=\muskip10
\c@parentequation=\count95
\dspbrk@lvl=\count96
\tag@help=\toks15
\row@=\count97
\column@=\count98
\maxfields@=\count99
\andhelp@=\toks16
\eqnshift@=\dimen106
\alignsep@=\dimen107
\tagshift@=\dimen108
\tagwidth@=\dimen109
\totwidth@=\dimen110
\lineht@=\dimen111
\@envbody=\toks17
\multlinegap=\skip44
\multlinetaggap=\skip45
\mathdisplay@stack=\toks18
LaTeX Info: Redefining \[ on input line 2817.
LaTeX Info: Redefining \] on input line 2818.
) (/usr/local/texlive/2018/texmf-dist/tex/latex/mathtools/mathtools.sty
Package: mathtools 2018/01/08 v1.21 mathematical typesetting tools
 (/usr/local/texlive/2018/texmf-dist/tex/latex/graphics/keyval.sty
Package: keyval 2014/10/28 v1.15 key=value parser (DPC)
\KV@toks@=\toks19
) (/usr/local/texlive/2018/texmf-dist/tex/latex/tools/calc.sty
Package: calc 2017/05/25 v4.3 Infix arithmetic (KKT,FJ)
\calc@Acount=\count100
\calc@Bcount=\count101
\calc@Adimen=\dimen112
\calc@Bdimen=\dimen113
\calc@Askip=\skip46
\calc@Bskip=\skip47
LaTeX Info: Redefining \setlength on input line 80.
LaTeX Info: Redefining \addtolength on input line 81.
\calc@Ccount=\count102
\calc@Cskip=\skip48
) (/usr/local/texlive/2018/texmf-dist/tex/latex/mathtools/mhsetup.sty
Package: mhsetup 2017/03/31 v1.3 programming setup (MH)
)
LaTeX Info: Thecontrolsequence`\('isalreadyrobust on input line 129.
LaTeX Info: Thecontrolsequence`\)'isalreadyrobust on input line 129.
LaTeX Info: Thecontrolsequence`\['isalreadyrobust on input line 129.
LaTeX Info: Thecontrolsequence`\]'isalreadyrobust on input line 129.
\g_MT_multlinerow_int=\count103
\l_MT_multwidth_dim=\dimen114
\origjot=\skip49
\l_MT_shortvdotswithinadjustabove_dim=\dimen115
\l_MT_shortvdotswithinadjustbelow_dim=\dimen116
\l_MT_above_intertext_sep=\dimen117
\l_MT_below_intertext_sep=\dimen118
\l_MT_above_shortintertext_sep=\dimen119
\l_MT_below_shortintertext_sep=\dimen120
) (/usr/local/texlive/2018/texmf-dist/tex/latex/graphics/graphicx.sty
Package: graphicx 2017/06/01 v1.1a Enhanced LaTeX Graphics (DPC,SPQR)
 (/usr/local/texlive/2018/texmf-dist/tex/latex/graphics/graphics.sty
Package: graphics 2017/06/25 v1.2c Standard LaTeX Graphics (DPC,SPQR)
 (/usr/local/texlive/2018/texmf-dist/tex/latex/graphics/trig.sty
Package: trig 2016/01/03 v1.10 sin cos tan (DPC)
) (/usr/local/texlive/2018/texmf-dist/tex/latex/graphics-cfg/graphics.cfg
File: graphics.cfg 2016/06/04 v1.11 sample graphics configuration
)
Package graphics Info: Driver file: pdftex.def on input line 99.
 (/usr/local/texlive/2018/texmf-dist/tex/latex/graphics-def/pdftex.def
File: pdftex.def 2018/01/08 v1.0l Graphics/color driver for pdftex
))
\Gin@req@height=\dimen121
\Gin@req@width=\dimen122
) (/usr/local/texlive/2018/texmf-dist/tex/latex/subfig/subfig.sty
Package: subfig 2005/06/28 ver: 1.3 subfig package
 (/usr/local/texlive/2018/texmf-dist/tex/latex/caption/caption.sty
Package: caption 2016/02/21 v3.3-144 Customizing captions (AR)
 (/usr/local/texlive/2018/texmf-dist/tex/latex/caption/caption3.sty
Package: caption3 2016/05/22 v1.7-166 caption3 kernel (AR)
Package caption3 Info: TeX engine: e-TeX on input line 67.
\captionmargin=\dimen123
\captionmargin@=\dimen124
\captionwidth=\dimen125
\caption@tempdima=\dimen126
\caption@indent=\dimen127
\caption@parindent=\dimen128
\caption@hangindent=\dimen129
)
\c@ContinuedFloat=\count104
)
\c@KVtest=\count105
\sf@farskip=\skip50
\sf@captopadj=\dimen130
\sf@capskip=\skip51
\sf@nearskip=\skip52
\c@subfigure=\count106
\c@subfigure@save=\count107
\c@lofdepth=\count108
\c@subtable=\count109
\c@subtable@save=\count110
\c@lotdepth=\count111
\sf@top=\skip53
\sf@bottom=\skip54
) (/usr/local/texlive/2018/texmf-dist/tex/latex/adjustbox/adjustbox.sty
Package: adjustbox 2018/04/08 v1.1 Adjusting TeX boxes (trim, clip, ...)
 (/usr/local/texlive/2018/texmf-dist/tex/latex/xkeyval/xkeyval.sty
Package: xkeyval 2014/12/03 v2.7a package option processing (HA)
 (/usr/local/texlive/2018/texmf-dist/tex/generic/xkeyval/xkeyval.tex (/usr/local/texlive/2018/texmf-dist/tex/generic/xkeyval/xkvutils.tex
\XKV@toks=\toks20
\XKV@tempa@toks=\toks21
)
\XKV@depth=\count112
File: xkeyval.tex 2014/12/03 v2.7a key=value parser (HA)
)) (/usr/local/texlive/2018/texmf-dist/tex/latex/adjustbox/adjcalc.sty
Package: adjcalc 2012/05/16 v1.1 Provides advanced setlength with multiple back-ends (calc, etex, pgfmath)
) (/usr/local/texlive/2018/texmf-dist/tex/latex/adjustbox/trimclip.sty
Package: trimclip 2018/04/08 v1.1 Trim and clip general TeX material
 (/usr/local/texlive/2018/texmf-dist/tex/latex/collectbox/collectbox.sty
Package: collectbox 2012/05/17 v0.4b Collect macro arguments as boxes
\collectedbox=\box28
)
\tc@llx=\dimen131
\tc@lly=\dimen132
\tc@urx=\dimen133
\tc@ury=\dimen134
Package trimclip Info: Using driver 'tc-pdftex.def'.
 (/usr/local/texlive/2018/texmf-dist/tex/latex/adjustbox/tc-pdftex.def
File: tc-pdftex.def 2018/04/08 v2.1 Clipping driver for pdftex
))
\adjbox@Width=\dimen135
\adjbox@Height=\dimen136
\adjbox@Depth=\dimen137
\adjbox@Totalheight=\dimen138
\adjbox@pwidth=\dimen139
\adjbox@pheight=\dimen140
\adjbox@pdepth=\dimen141
\adjbox@ptotalheight=\dimen142
 (/usr/local/texlive/2018/texmf-dist/tex/latex/ifoddpage/ifoddpage.sty
Package: ifoddpage 2016/04/23 v1.1 Conditionals for odd/even page detection
\c@checkoddpage=\count113
) (/usr/local/texlive/2018/texmf-dist/tex/latex/varwidth/varwidth.sty
Package: varwidth 2009/03/30 ver 0.92;  Variable-width minipages
\@vwid@box=\box29
\sift@deathcycles=\count114
\@vwid@loff=\dimen143
\@vwid@roff=\dimen144
)) (/usr/local/texlive/2018/texmf-dist/tex/latex/placeins/placeins.sty
Package: placeins 2005/04/18  v 2.2
) (/usr/local/texlive/2018/texmf-dist/tex/generic/oberdiek/alphalph.sty
Package: alphalph 2016/05/16 v2.5 Convert numbers to letters (HO)
 (/usr/local/texlive/2018/texmf-dist/tex/generic/oberdiek/infwarerr.sty
Package: infwarerr 2016/05/16 v1.4 Providing info/warning/error messages (HO)
) (/usr/local/texlive/2018/texmf-dist/tex/generic/oberdiek/intcalc.sty
Package: intcalc 2016/05/16 v1.2 Expandable calculations with integers (HO)
)) (/usr/local/texlive/2018/texmf-dist/tex/latex/amsfonts/amssymb.sty
Package: amssymb 2013/01/14 v3.01 AMS font symbols
 (/usr/local/texlive/2018/texmf-dist/tex/latex/amsfonts/amsfonts.sty
Package: amsfonts 2013/01/14 v3.01 Basic AMSFonts support
\symAMSa=\mathgroup4
\symAMSb=\mathgroup5
LaTeX Font Info:    Overwriting math alphabet `\mathfrak' in version `bold'
(Font)                  U/euf/m/n --> U/euf/b/n on input line 106.
)) (/usr/local/texlive/2018/texmf-dist/tex/latex/amscls/amsthm.sty
Package: amsthm 2017/10/31 v2.20.4
\thm@style=\toks22
\thm@bodyfont=\toks23
\thm@headfont=\toks24
\thm@notefont=\toks25
\thm@headpunct=\toks26
\thm@preskip=\skip55
\thm@postskip=\skip56
\thm@headsep=\skip57
\dth@everypar=\toks27
) (/usr/local/texlive/2018/texmf-dist/tex/latex/float/float.sty
Package: float 2001/11/08 v1.3d Float enhancements (AL)
\c@float@type=\count115
\float@exts=\toks28
\float@box=\box30
\@float@everytoks=\toks29
\@floatcapt=\box31
) (/usr/local/texlive/2018/texmf-dist/tex/latex/algorithm2e/algorithm2e.sty
Package: algorithm2e 2017/07/18 v5.2 algorithms environments
\c@AlgoLine=\count116
 (/usr/local/texlive/2018/texmf-dist/tex/latex/base/ifthen.sty
Package: ifthen 2014/09/29 v1.1c Standard LaTeX ifthen package (DPC)
)
\algocf@hangindent=\skip58
 (/usr/local/texlive/2018/texmf-dist/tex/latex/tools/xspace.sty
Package: xspace 2014/10/28 v1.13 Space after command names (DPC,MH)
) (/usr/local/texlive/2018/texmf-dist/tex/latex/relsize/relsize.sty
Package: relsize 2013/03/29 ver 4.1
)
\skiptotal=\skip59
\skiplinenumber=\skip60
\skiprule=\skip61
\skiphlne=\skip62
\skiptext=\skip63
\skiplength=\skip64
\algomargin=\skip65
\skipalgocfslide=\skip66
\algowidth=\dimen145
\inoutsize=\dimen146
\inoutindent=\dimen147
\interspacetitleruled=\dimen148
\interspacealgoruled=\dimen149
\interspacetitleboxruled=\dimen150
\algocf@ruledwidth=\skip67
\algocf@inoutbox=\box32
\algocf@inputbox=\box33
\AlCapSkip=\skip68
\AlCapHSkip=\skip69
\algoskipindent=\skip70
\algocf@nlbox=\box34
\algocf@hangingbox=\box35
\algocf@untilbox=\box36
\algocf@skipuntil=\skip71
\algocf@capbox=\box37
\algocf@lcaptionbox=\skip72
\algoheightruledefault=\skip73
\algoheightrule=\skip74
\algotitleheightruledefault=\skip75
\algotitleheightrule=\skip76
\c@algocfline=\count117
\c@algocfproc=\count118
\c@algocf=\count119
\algocf@algoframe=\box38
\algocf@algobox=\box39
) (/usr/local/texlive/2018/texmf-dist/tex/latex/hyperref/hyperref.sty
Package: hyperref 2018/02/06 v6.86b Hypertext links for LaTeX
 (/usr/local/texlive/2018/texmf-dist/tex/generic/oberdiek/hobsub-hyperref.sty
Package: hobsub-hyperref 2016/05/16 v1.14 Bundle oberdiek, subset hyperref (HO)
 (/usr/local/texlive/2018/texmf-dist/tex/generic/oberdiek/hobsub-generic.sty
Package: hobsub-generic 2016/05/16 v1.14 Bundle oberdiek, subset generic (HO)
Package: hobsub 2016/05/16 v1.14 Construct package bundles (HO)
Package hobsub Info: Skipping package `infwarerr' (already loaded).
Package: ltxcmds 2016/05/16 v1.23 LaTeX kernel commands for general use (HO)
Package: ifluatex 2016/05/16 v1.4 Provides the ifluatex switch (HO)
Package ifluatex Info: LuaTeX not detected.
Package: ifvtex 2016/05/16 v1.6 Detect VTeX and its facilities (HO)
Package ifvtex Info: VTeX not detected.
Package hobsub Info: Skipping package `intcalc' (already loaded).
Package: ifpdf 2017/03/15 v3.2 Provides the ifpdf switch
Package: etexcmds 2016/05/16 v1.6 Avoid name clashes with e-TeX commands (HO)
Package etexcmds Info: Could not find \expanded.
(etexcmds)             That can mean that you are not using pdfTeX 1.50 or
(etexcmds)             that some package has redefined \expanded.
(etexcmds)             In the latter case, load this package earlier.
Package: kvsetkeys 2016/05/16 v1.17 Key value parser (HO)
Package: kvdefinekeys 2016/05/16 v1.4 Define keys (HO)
Package: pdftexcmds 2018/01/30 v0.27 Utility functions of pdfTeX for LuaTeX (HO)
Package pdftexcmds Info: LuaTeX not detected.
Package pdftexcmds Info: \pdf@primitive is available.
Package pdftexcmds Info: \pdf@ifprimitive is available.
Package pdftexcmds Info: \pdfdraftmode found.
Package: pdfescape 2016/05/16 v1.14 Implements pdfTeX's escape features (HO)
Package: bigintcalc 2016/05/16 v1.4 Expandable calculations on big integers (HO)
Package: bitset 2016/05/16 v1.2 Handle bit-vector datatype (HO)
Package: uniquecounter 2016/05/16 v1.3 Provide unlimited unique counter (HO)
)
Package hobsub Info: Skipping package `hobsub' (already loaded).
Package: letltxmacro 2016/05/16 v1.5 Let assignment for LaTeX macros (HO)
Package: hopatch 2016/05/16 v1.3 Wrapper for package hooks (HO)
Package: xcolor-patch 2016/05/16 xcolor patch
Package: atveryend 2016/05/16 v1.9 Hooks at the very end of document (HO)
Package atveryend Info: \enddocument detected (standard20110627).
Package: atbegshi 2016/06/09 v1.18 At begin shipout hook (HO)
Package: refcount 2016/05/16 v3.5 Data extraction from label references (HO)
Package: hycolor 2016/05/16 v1.8 Color options for hyperref/bookmark (HO)
) (/usr/local/texlive/2018/texmf-dist/tex/generic/ifxetex/ifxetex.sty
Package: ifxetex 2010/09/12 v0.6 Provides ifxetex conditional
) (/usr/local/texlive/2018/texmf-dist/tex/latex/oberdiek/auxhook.sty
Package: auxhook 2016/05/16 v1.4 Hooks for auxiliary files (HO)
) (/usr/local/texlive/2018/texmf-dist/tex/latex/oberdiek/kvoptions.sty
Package: kvoptions 2016/05/16 v3.12 Key value format for package options (HO)
)
\@linkdim=\dimen151
\Hy@linkcounter=\count120
\Hy@pagecounter=\count121
 (/usr/local/texlive/2018/texmf-dist/tex/latex/hyperref/pd1enc.def
File: pd1enc.def 2018/02/06 v6.86b Hyperref: PDFDocEncoding definition (HO)
Now handling font encoding PD1 ...
... no UTF-8 mapping file for font encoding PD1
)
\Hy@SavedSpaceFactor=\count122
 (/usr/local/texlive/2018/texmf-dist/tex/latex/latexconfig/hyperref.cfg
File: hyperref.cfg 2002/06/06 v1.2 hyperref configuration of TeXLive
)
Package hyperref Info: Hyper figures OFF on input line 4509.
Package hyperref Info: Link nesting OFF on input line 4514.
Package hyperref Info: Hyper index ON on input line 4517.
Package hyperref Info: Plain pages OFF on input line 4524.
Package hyperref Info: Backreferencing OFF on input line 4529.
Package hyperref Info: Implicit mode ON; LaTeX internals redefined.
Package hyperref Info: Bookmarks ON on input line 4762.
\c@Hy@tempcnt=\count123
 (/usr/local/texlive/2018/texmf-dist/tex/latex/url/url.sty
\Urlmuskip=\muskip11
Package: url 2013/09/16  ver 3.4  Verb mode for urls, etc.
)
LaTeX Info: Redefining \url on input line 5115.
\XeTeXLinkMargin=\dimen152
\Fld@menulength=\count124
\Field@Width=\dimen153
\Fld@charsize=\dimen154
Package hyperref Info: Hyper figures OFF on input line 6369.
Package hyperref Info: Link nesting OFF on input line 6374.
Package hyperref Info: Hyper index ON on input line 6377.
Package hyperref Info: backreferencing OFF on input line 6384.
Package hyperref Info: Link coloring OFF on input line 6389.
Package hyperref Info: Link coloring with OCG OFF on input line 6394.
Package hyperref Info: PDF/A mode OFF on input line 6399.
LaTeX Info: Redefining \ref on input line 6439.
LaTeX Info: Redefining \pageref on input line 6443.
\Hy@abspage=\count125
\c@Item=\count126
\c@Hfootnote=\count127
)
Package hyperref Info: Driver (autodetected): hpdftex.
 (/usr/local/texlive/2018/texmf-dist/tex/latex/hyperref/hpdftex.def
File: hpdftex.def 2018/02/06 v6.86b Hyperref driver for pdfTeX
\Fld@listcount=\count128
\c@bookmark@seq@number=\count129
 (/usr/local/texlive/2018/texmf-dist/tex/latex/oberdiek/rerunfilecheck.sty
Package: rerunfilecheck 2016/05/16 v1.8 Rerun checks for auxiliary files (HO)
Package uniquecounter Info: New unique counter `rerunfilecheck' on input line 282.
)
\Hy@SectionHShift=\skip77
)

LaTeX Warning: Unused global option(s):
    [16pt].

(/Users/michaelbeukman/Google Drive/WITS/2020-Year3-Undergrad/COMS/COMS3005-AAA/assignments/assignment2/text/v3.aux)
\openout1 = `v3.aux'.

LaTeX Font Info:    Checking defaults for OML/cmm/m/it on input line 26.
LaTeX Font Info:    ... okay on input line 26.
LaTeX Font Info:    Checking defaults for T1/cmr/m/n on input line 26.
LaTeX Font Info:    ... okay on input line 26.
LaTeX Font Info:    Checking defaults for OT1/cmr/m/n on input line 26.
LaTeX Font Info:    ... okay on input line 26.
LaTeX Font Info:    Checking defaults for OMS/cmsy/m/n on input line 26.
LaTeX Font Info:    ... okay on input line 26.
LaTeX Font Info:    Checking defaults for OMX/cmex/m/n on input line 26.
LaTeX Font Info:    ... okay on input line 26.
LaTeX Font Info:    Checking defaults for U/cmr/m/n on input line 26.
LaTeX Font Info:    ... okay on input line 26.
LaTeX Font Info:    Checking defaults for PD1/pdf/m/n on input line 26.
LaTeX Font Info:    ... okay on input line 26.
 (/usr/local/texlive/2018/texmf-dist/tex/context/base/mkii/supp-pdf.mkii
[Loading MPS to PDF converter (version 2006.09.02).]
\scratchcounter=\count130
\scratchdimen=\dimen155
\scratchbox=\box40
\nofMPsegments=\count131
\nofMParguments=\count132
\everyMPshowfont=\toks30
\MPscratchCnt=\count133
\MPscratchDim=\dimen156
\MPnumerator=\count134
\makeMPintoPDFobject=\count135
\everyMPtoPDFconversion=\toks31
) (/usr/local/texlive/2018/texmf-dist/tex/latex/oberdiek/epstopdf-base.sty
Package: epstopdf-base 2016/05/15 v2.6 Base part for package epstopdf
 (/usr/local/texlive/2018/texmf-dist/tex/latex/oberdiek/grfext.sty
Package: grfext 2016/05/16 v1.2 Manage graphics extensions (HO)
)
Package epstopdf-base Info: Redefining graphics rule for `.eps' on input line 438.
Package grfext Info: Graphics extension search list:
(grfext)             [.pdf,.png,.jpg,.mps,.jpeg,.jbig2,.jb2,.PDF,.PNG,.JPG,.JPEG,.JBIG2,.JB2,.eps]
(grfext)             \AppendGraphicsExtensions on input line 456.
 (/usr/local/texlive/2018/texmf-dist/tex/latex/latexconfig/epstopdf-sys.cfg
File: epstopdf-sys.cfg 2010/07/13 v1.3 Configuration of (r)epstopdf for TeX Live
))
Package caption Info: Begin \AtBeginDocument code.
Package caption Info: subfig package v1.3 is loaded.
Package caption Info: float package is loaded.
Package caption Info: hyperref package is loaded.
Package caption Info: End \AtBeginDocument code.
\AtBeginShipoutBox=\box41
Package hyperref Info: Link coloring OFF on input line 26.
 (/usr/local/texlive/2018/texmf-dist/tex/latex/hyperref/nameref.sty
Package: nameref 2016/05/21 v2.44 Cross-referencing by name of section
 (/usr/local/texlive/2018/texmf-dist/tex/generic/oberdiek/gettitlestring.sty
Package: gettitlestring 2016/05/16 v1.5 Cleanup title references (HO)
)
\c@section@level=\count136
)
LaTeX Info: Redefining \ref on input line 26.
LaTeX Info: Redefining \pageref on input line 26.
LaTeX Info: Redefining \nameref on input line 26.
 (/Users/michaelbeukman/Google Drive/WITS/2020-Year3-Undergrad/COMS/COMS3005-AAA/assignments/assignment2/text/v3.out) (/Users/michaelbeukman/Google Drive/WITS/2020-Year3-Undergrad/COMS/COMS3005-AAA/assignments/assignment2/text/v3.out)
\@outlinefile=\write3
\openout3 = `v3.out'.

LaTeX Font Info:    Try loading font information for U+msa on input line 28.
 (/usr/local/texlive/2018/texmf-dist/tex/latex/amsfonts/umsa.fd
File: umsa.fd 2013/01/14 v3.01 AMS symbols A
)
LaTeX Font Info:    Try loading font information for U+msb on input line 28.
 (/usr/local/texlive/2018/texmf-dist/tex/latex/amsfonts/umsb.fd
File: umsb.fd 2013/01/14 v3.01 AMS symbols B
)
\c@subsubsubsection=\count137
 (/Users/michaelbeukman/Google Drive/WITS/2020-Year3-Undergrad/COMS/COMS3005-AAA/assignments/assignment2/text/v3.toc)
\tf@toc=\write4
\openout4 = `v3.toc'.

 [1

{/usr/local/texlive/2018/texmf-var/fonts/map/pdftex/updmap/pdftex.map}]
<../text/images/200px-Sudoku-by-L2G-20050714.png, id=151, 200.75pt x 200.75pt>
File: ../text/images/200px-Sudoku-by-L2G-20050714.png Graphic file (type png)
<use ../text/images/200px-Sudoku-by-L2G-20050714.png>
Package pdftex.def Info: ../text/images/200px-Sudoku-by-L2G-20050714.png  used on input line 69.
(pdftex.def)             Requested size: 200.7495pt x 200.7495pt.

Underfull \hbox (badness 10000) in paragraph at lines 73--82

 []

[2 <../text/images/200px-Sudoku-by-L2G-20050714.png>]
<../text/images/SudokuTreeImage.png, id=168, 817.0525pt x 454.69875pt>
File: ../text/images/SudokuTreeImage.png Graphic file (type png)
<use ../text/images/SudokuTreeImage.png>
Package pdftex.def Info: ../text/images/SudokuTreeImage.png  used on input line 87.
(pdftex.def)             Requested size: 345.0pt x 191.99901pt.
<../text/images/SudokuTreeLegend.png, id=171, 487.8225pt x 893.3375pt>
File: ../text/images/SudokuTreeLegend.png Graphic file (type png)
<use ../text/images/SudokuTreeLegend.png>
Package pdftex.def Info: ../text/images/SudokuTreeLegend.png  used on input line 90.
(pdftex.def)             Requested size: 172.5pt x 315.88977pt.
 [3]
Overfull \vbox (2.88878pt too high) has occurred while \output is active []

 [4 <../text/images/SudokuTreeImage.png (PNG copy)> <../text/images/SudokuTreeLegend.png (PNG copy)>]
Underfull \hbox (badness 10000) in paragraph at lines 98--106

 []

<../text/images/maze.png, id=187, 161.60374pt x 160.6pt>
File: ../text/images/maze.png Graphic file (type png)
<use ../text/images/maze.png>
Package pdftex.def Info: ../text/images/maze.png  used on input line 114.
(pdftex.def)             Requested size: 161.60335pt x 160.5996pt.

Underfull \hbox (badness 10000) in paragraph at lines 107--116

 []


Underfull \hbox (badness 10000) in paragraph at lines 119--131

 []


Underfull \hbox (badness 10000) in paragraph at lines 119--131

 []

[5 <../text/images/maze.png>]
Underfull \hbox (badness 10000) in paragraph at lines 172--176

 []


Underfull \hbox (badness 10000) in paragraph at lines 178--201

 []


Underfull \hbox (badness 10000) in paragraph at lines 178--201

 []


Underfull \hbox (badness 10000) in paragraph at lines 178--201

 []


Underfull \hbox (badness 10000) in paragraph at lines 178--201

 []


Underfull \hbox (badness 10000) in paragraph at lines 178--201

 []


Underfull \hbox (badness 10000) in paragraph at lines 178--201

 []

[6] [7]
Underfull \hbox (badness 10000) in paragraph at lines 256--264

 []

[8]
Underfull \hbox (badness 10000) in paragraph at lines 270--278

 []


Underfull \hbox (badness 10000) in paragraph at lines 280--287

 []


Overfull \hbox (1.39415pt too wide) in paragraph at lines 290--291
[]\OT1/cmr/m/n/10 Generate many ran-dom su-doku boards of var-i-ous sizes. Us-ing these boards,
 []

[9]
Underfull \hbox (badness 10000) in paragraph at lines 309--313

 []


Underfull \hbox (badness 10000) in paragraph at lines 319--324

 []


Underfull \hbox (badness 10000) in paragraph at lines 319--324

 []

[10] [11]
Underfull \hbox (badness 10000) in paragraph at lines 366--379

 []


Underfull \hbox (badness 10000) in paragraph at lines 366--379

 []


Underfull \hbox (badness 10000) in paragraph at lines 366--379

 []


Underfull \hbox (badness 10000) in paragraph at lines 366--379

 []


Underfull \hbox (badness 10000) in paragraph at lines 385--395

 []

[12] (/Users/michaelbeukman/Google Drive/WITS/2020-Year3-Undergrad/COMS/COMS3005-AAA/assignments/assignment2/text/../dataAnalysis/generated/v1.tex
<../dataAnalysis/output/v1_best_case_size4_count_1000/BasicOperations_linear.png, id=262, 462.528pt x 346.896pt>
File: ../dataAnalysis/output/v1_best_case_size4_count_1000/BasicOperations_linear.png Graphic file (type png)
<use ../dataAnalysis/output/v1_best_case_size4_count_1000/BasicOperations_linear.png>
Package pdftex.def Info: ../dataAnalysis/output/v1_best_case_size4_count_1000/BasicOperations_linear.png  used on input line 5.
(pdftex.def)             Requested size: 172.50185pt x 120.74846pt.
<../dataAnalysis/output/v1_best_case_size9_count_1000/BasicOperations_linear.png, id=263, 462.528pt x 346.896pt>
File: ../dataAnalysis/output/v1_best_case_size9_count_1000/BasicOperations_linear.png Graphic file (type png)
<use ../dataAnalysis/output/v1_best_case_size9_count_1000/BasicOperations_linear.png>
Package pdftex.def Info: ../dataAnalysis/output/v1_best_case_size9_count_1000/BasicOperations_linear.png  used on input line 8.
(pdftex.def)             Requested size: 172.50185pt x 120.74846pt.
<../dataAnalysis/output/v1_best_case_size16_count_1000/BasicOperations_linear.png, id=264, 462.528pt x 346.896pt>
File: ../dataAnalysis/output/v1_best_case_size16_count_1000/BasicOperations_linear.png Graphic file (type png)
<use ../dataAnalysis/output/v1_best_case_size16_count_1000/BasicOperations_linear.png>
Package pdftex.def Info: ../dataAnalysis/output/v1_best_case_size16_count_1000/BasicOperations_linear.png  used on input line 11.
(pdftex.def)             Requested size: 172.50185pt x 120.74846pt.
<../dataAnalysis/output/v1_best_case_size4_count_1000/RecursionCount_linear.png, id=265, 462.528pt x 346.896pt>
File: ../dataAnalysis/output/v1_best_case_size4_count_1000/RecursionCount_linear.png Graphic file (type png)
<use ../dataAnalysis/output/v1_best_case_size4_count_1000/RecursionCount_linear.png>
Package pdftex.def Info: ../dataAnalysis/output/v1_best_case_size4_count_1000/RecursionCount_linear.png  used on input line 15.
(pdftex.def)             Requested size: 172.50185pt x 120.74846pt.
<../dataAnalysis/output/v1_best_case_size9_count_1000/RecursionCount_linear.png, id=266, 462.528pt x 346.896pt>
File: ../dataAnalysis/output/v1_best_case_size9_count_1000/RecursionCount_linear.png Graphic file (type png)
<use ../dataAnalysis/output/v1_best_case_size9_count_1000/RecursionCount_linear.png>
Package pdftex.def Info: ../dataAnalysis/output/v1_best_case_size9_count_1000/RecursionCount_linear.png  used on input line 18.
(pdftex.def)             Requested size: 172.50185pt x 120.74846pt.
<../dataAnalysis/output/v1_best_case_size16_count_1000/RecursionCount_linear.png, id=267, 462.528pt x 346.896pt>
File: ../dataAnalysis/output/v1_best_case_size16_count_1000/RecursionCount_linear.png Graphic file (type png)
<use ../dataAnalysis/output/v1_best_case_size16_count_1000/RecursionCount_linear.png>
Package pdftex.def Info: ../dataAnalysis/output/v1_best_case_size16_count_1000/RecursionCount_linear.png  used on input line 21.
(pdftex.def)             Requested size: 172.50185pt x 120.74846pt.
<../dataAnalysis/output/v1_best_case_size4_count_1000/Time_linear.png, id=268, 462.528pt x 346.896pt>
File: ../dataAnalysis/output/v1_best_case_size4_count_1000/Time_linear.png Graphic file (type png)
<use ../dataAnalysis/output/v1_best_case_size4_count_1000/Time_linear.png>
Package pdftex.def Info: ../dataAnalysis/output/v1_best_case_size4_count_1000/Time_linear.png  used on input line 25.
(pdftex.def)             Requested size: 172.50185pt x 120.74846pt.
<../dataAnalysis/output/v1_best_case_size9_count_1000/Time_linear.png, id=269, 462.528pt x 346.896pt>
File: ../dataAnalysis/output/v1_best_case_size9_count_1000/Time_linear.png Graphic file (type png)
<use ../dataAnalysis/output/v1_best_case_size9_count_1000/Time_linear.png>
Package pdftex.def Info: ../dataAnalysis/output/v1_best_case_size9_count_1000/Time_linear.png  used on input line 28.
(pdftex.def)             Requested size: 172.50185pt x 120.74846pt.
<../dataAnalysis/output/v1_best_case_size16_count_1000/Time_linear.png, id=270, 462.528pt x 346.896pt>
File: ../dataAnalysis/output/v1_best_case_size16_count_1000/Time_linear.png Graphic file (type png)
<use ../dataAnalysis/output/v1_best_case_size16_count_1000/Time_linear.png>
Package pdftex.def Info: ../dataAnalysis/output/v1_best_case_size16_count_1000/Time_linear.png  used on input line 31.
(pdftex.def)             Requested size: 172.50185pt x 120.74846pt.
) (/Users/michaelbeukman/Google Drive/WITS/2020-Year3-Undergrad/COMS/COMS3005-AAA/assignments/assignment2/text/../dataAnalysis/generated/v2.tex
<../dataAnalysis/output/v2_worst_case_size4_count_1000_numtodo_9/BasicOperations_linear.png, id=271, 462.528pt x 346.896pt>
File: ../dataAnalysis/output/v2_worst_case_size4_count_1000_numtodo_9/BasicOperations_linear.png Graphic file (type png)
<use ../dataAnalysis/output/v2_worst_case_size4_count_1000_numtodo_9/BasicOperations_linear.png>
Package pdftex.def Info: ../dataAnalysis/output/v2_worst_case_size4_count_1000_numtodo_9/BasicOperations_linear.png  used on input line 5.
(pdftex.def)             Requested size: 172.50185pt x 120.74846pt.
<../dataAnalysis/output/v2_worst_case_size9_count_1000_numtodo_9/BasicOperations_linear.png, id=272, 462.528pt x 346.896pt>
File: ../dataAnalysis/output/v2_worst_case_size9_count_1000_numtodo_9/BasicOperations_linear.png Graphic file (type png)
<use ../dataAnalysis/output/v2_worst_case_size9_count_1000_numtodo_9/BasicOperations_linear.png>
Package pdftex.def Info: ../dataAnalysis/output/v2_worst_case_size9_count_1000_numtodo_9/BasicOperations_linear.png  used on input line 8.
(pdftex.def)             Requested size: 172.50185pt x 120.74846pt.
<../dataAnalysis/output/v2_worst_case_size16_count_1000_numtodo_9/BasicOperations_linear.png, id=273, 462.528pt x 346.896pt>
File: ../dataAnalysis/output/v2_worst_case_size16_count_1000_numtodo_9/BasicOperations_linear.png Graphic file (type png)
<use ../dataAnalysis/output/v2_worst_case_size16_count_1000_numtodo_9/BasicOperations_linear.png>
Package pdftex.def Info: ../dataAnalysis/output/v2_worst_case_size16_count_1000_numtodo_9/BasicOperations_linear.png  used on input line 11.
(pdftex.def)             Requested size: 172.50185pt x 120.74846pt.
<../dataAnalysis/output/v2_worst_case_size4_count_1000_numtodo_9/RecursionCount_linear.png, id=274, 462.528pt x 346.896pt>
File: ../dataAnalysis/output/v2_worst_case_size4_count_1000_numtodo_9/RecursionCount_linear.png Graphic file (type png)
<use ../dataAnalysis/output/v2_worst_case_size4_count_1000_numtodo_9/RecursionCount_linear.png>
Package pdftex.def Info: ../dataAnalysis/output/v2_worst_case_size4_count_1000_numtodo_9/RecursionCount_linear.png  used on input line 15.
(pdftex.def)             Requested size: 172.50185pt x 120.74846pt.
<../dataAnalysis/output/v2_worst_case_size9_count_1000_numtodo_9/RecursionCount_linear.png, id=275, 462.528pt x 346.896pt>
File: ../dataAnalysis/output/v2_worst_case_size9_count_1000_numtodo_9/RecursionCount_linear.png Graphic file (type png)
<use ../dataAnalysis/output/v2_worst_case_size9_count_1000_numtodo_9/RecursionCount_linear.png>
Package pdftex.def Info: ../dataAnalysis/output/v2_worst_case_size9_count_1000_numtodo_9/RecursionCount_linear.png  used on input line 18.
(pdftex.def)             Requested size: 172.50185pt x 120.74846pt.
<../dataAnalysis/output/v2_worst_case_size16_count_1000_numtodo_9/RecursionCount_linear.png, id=276, 462.528pt x 346.896pt>
File: ../dataAnalysis/output/v2_worst_case_size16_count_1000_numtodo_9/RecursionCount_linear.png Graphic file (type png)
<use ../dataAnalysis/output/v2_worst_case_size16_count_1000_numtodo_9/RecursionCount_linear.png>
Package pdftex.def Info: ../dataAnalysis/output/v2_worst_case_size16_count_1000_numtodo_9/RecursionCount_linear.png  used on input line 21.
(pdftex.def)             Requested size: 172.50185pt x 120.74846pt.
<../dataAnalysis/output/v2_worst_case_size4_count_1000_numtodo_9/Time_linear.png, id=277, 462.528pt x 346.896pt>
File: ../dataAnalysis/output/v2_worst_case_size4_count_1000_numtodo_9/Time_linear.png Graphic file (type png)
<use ../dataAnalysis/output/v2_worst_case_size4_count_1000_numtodo_9/Time_linear.png>
Package pdftex.def Info: ../dataAnalysis/output/v2_worst_case_size4_count_1000_numtodo_9/Time_linear.png  used on input line 25.
(pdftex.def)             Requested size: 172.50185pt x 120.74846pt.
<../dataAnalysis/output/v2_worst_case_size9_count_1000_numtodo_9/Time_linear.png, id=278, 462.528pt x 346.896pt>
File: ../dataAnalysis/output/v2_worst_case_size9_count_1000_numtodo_9/Time_linear.png Graphic file (type png)
<use ../dataAnalysis/output/v2_worst_case_size9_count_1000_numtodo_9/Time_linear.png>
Package pdftex.def Info: ../dataAnalysis/output/v2_worst_case_size9_count_1000_numtodo_9/Time_linear.png  used on input line 28.
(pdftex.def)             Requested size: 172.50185pt x 120.74846pt.
<../dataAnalysis/output/v2_worst_case_size16_count_1000_numtodo_9/Time_linear.png, id=279, 462.528pt x 346.896pt>
File: ../dataAnalysis/output/v2_worst_case_size16_count_1000_numtodo_9/Time_linear.png Graphic file (type png)
<use ../dataAnalysis/output/v2_worst_case_size16_count_1000_numtodo_9/Time_linear.png>
Package pdftex.def Info: ../dataAnalysis/output/v2_worst_case_size16_count_1000_numtodo_9/Time_linear.png  used on input line 31.
(pdftex.def)             Requested size: 172.50185pt x 120.74846pt.
) [13 <../dataAnalysis/output/v1_best_case_size4_count_1000/BasicOperations_linear.png> <../dataAnalysis/output/v1_best_case_size9_count_1000/BasicOperations_linear.png> <../dataAnalysis/output/v1_best_case_size16_count_1000/BasicOperations_linear.png> <../dataAnalysis/output/v1_best_case_size4_count_1000/RecursionCount_linear.png> <../dataAnalysis/output/v1_best_case_size9_count_1000/RecursionCount_linear.png> <../dataAnalysis/output/v1_best_case_size16_count_1000/RecursionCount_linear.png> <../dataAnalysis/output/v1_best_case_size4_count_1000/Time_linear.png> <../dataAnalysis/output/v1_best_case_size9_count_1000/Time_linear.png> <../dataAnalysis/output/v1_best_case_size16_count_1000/Time_linear.png>] (/Users/michaelbeukman/Google Drive/WITS/2020-Year3-Undergrad/COMS/COMS3005-AAA/assignments/assignment2/text/../dataAnalysis/generated/v3.tex
<../dataAnalysis/output/v5_average_case_size4_count_1000_numtodo_15/BasicOperations_linear.png, id=307, 462.528pt x 346.896pt>
File: ../dataAnalysis/output/v5_average_case_size4_count_1000_numtodo_15/BasicOperations_linear.png Graphic file (type png)
<use ../dataAnalysis/output/v5_average_case_size4_count_1000_numtodo_15/BasicOperations_linear.png>
Package pdftex.def Info: ../dataAnalysis/output/v5_average_case_size4_count_1000_numtodo_15/BasicOperations_linear.png  used on input line 5.
(pdftex.def)             Requested size: 172.50185pt x 120.74846pt.
<../dataAnalysis/output/v5_average_case_size9_count_1000_numtodo_70/BasicOperations_linear.png, id=308, 462.528pt x 346.896pt>
File: ../dataAnalysis/output/v5_average_case_size9_count_1000_numtodo_70/BasicOperations_linear.png Graphic file (type png)
<use ../dataAnalysis/output/v5_average_case_size9_count_1000_numtodo_70/BasicOperations_linear.png>
Package pdftex.def Info: ../dataAnalysis/output/v5_average_case_size9_count_1000_numtodo_70/BasicOperations_linear.png  used on input line 8.
(pdftex.def)             Requested size: 172.50185pt x 120.74846pt.
<../dataAnalysis/output/v5_average_case_size16_count_1000_numtodo_130/BasicOperations_linear.png, id=309, 462.528pt x 346.896pt>
File: ../dataAnalysis/output/v5_average_case_size16_count_1000_numtodo_130/BasicOperations_linear.png Graphic file (type png)
<use ../dataAnalysis/output/v5_average_case_size16_count_1000_numtodo_130/BasicOperations_linear.png>
Package pdftex.def Info: ../dataAnalysis/output/v5_average_case_size16_count_1000_numtodo_130/BasicOperations_linear.png  used on input line 11.
(pdftex.def)             Requested size: 172.50185pt x 120.74846pt.
<../dataAnalysis/output/v5_average_case_size4_count_1000_numtodo_15/RecursionCount_linear.png, id=310, 462.528pt x 346.896pt>
File: ../dataAnalysis/output/v5_average_case_size4_count_1000_numtodo_15/RecursionCount_linear.png Graphic file (type png)
<use ../dataAnalysis/output/v5_average_case_size4_count_1000_numtodo_15/RecursionCount_linear.png>
Package pdftex.def Info: ../dataAnalysis/output/v5_average_case_size4_count_1000_numtodo_15/RecursionCount_linear.png  used on input line 14.
(pdftex.def)             Requested size: 172.50185pt x 120.74846pt.
<../dataAnalysis/output/v5_average_case_size9_count_1000_numtodo_70/RecursionCount_linear.png, id=311, 462.528pt x 346.896pt>
File: ../dataAnalysis/output/v5_average_case_size9_count_1000_numtodo_70/RecursionCount_linear.png Graphic file (type png)
<use ../dataAnalysis/output/v5_average_case_size9_count_1000_numtodo_70/RecursionCount_linear.png>
Package pdftex.def Info: ../dataAnalysis/output/v5_average_case_size9_count_1000_numtodo_70/RecursionCount_linear.png  used on input line 17.
(pdftex.def)             Requested size: 172.50185pt x 120.74846pt.
<../dataAnalysis/output/v5_average_case_size16_count_1000_numtodo_130/RecursionCount_linear.png, id=312, 462.528pt x 346.896pt>
File: ../dataAnalysis/output/v5_average_case_size16_count_1000_numtodo_130/RecursionCount_linear.png Graphic file (type png)
<use ../dataAnalysis/output/v5_average_case_size16_count_1000_numtodo_130/RecursionCount_linear.png>
Package pdftex.def Info: ../dataAnalysis/output/v5_average_case_size16_count_1000_numtodo_130/RecursionCount_linear.png  used on input line 20.
(pdftex.def)             Requested size: 172.50185pt x 120.74846pt.
<../dataAnalysis/output/v5_average_case_size4_count_1000_numtodo_15/Time_linear.png, id=313, 462.528pt x 346.896pt>
File: ../dataAnalysis/output/v5_average_case_size4_count_1000_numtodo_15/Time_linear.png Graphic file (type png)
<use ../dataAnalysis/output/v5_average_case_size4_count_1000_numtodo_15/Time_linear.png>
Package pdftex.def Info: ../dataAnalysis/output/v5_average_case_size4_count_1000_numtodo_15/Time_linear.png  used on input line 23.
(pdftex.def)             Requested size: 172.50185pt x 120.74846pt.
<../dataAnalysis/output/v5_average_case_size9_count_1000_numtodo_70/Time_linear.png, id=314, 462.528pt x 346.896pt>
File: ../dataAnalysis/output/v5_average_case_size9_count_1000_numtodo_70/Time_linear.png Graphic file (type png)
<use ../dataAnalysis/output/v5_average_case_size9_count_1000_numtodo_70/Time_linear.png>
Package pdftex.def Info: ../dataAnalysis/output/v5_average_case_size9_count_1000_numtodo_70/Time_linear.png  used on input line 26.
(pdftex.def)             Requested size: 172.50185pt x 120.74846pt.
<../dataAnalysis/output/v5_average_case_size16_count_1000_numtodo_130/Time_linear.png, id=315, 462.528pt x 346.896pt>
File: ../dataAnalysis/output/v5_average_case_size16_count_1000_numtodo_130/Time_linear.png Graphic file (type png)
<use ../dataAnalysis/output/v5_average_case_size16_count_1000_numtodo_130/Time_linear.png>
Package pdftex.def Info: ../dataAnalysis/output/v5_average_case_size16_count_1000_numtodo_130/Time_linear.png  used on input line 29.
(pdftex.def)             Requested size: 172.50185pt x 120.74846pt.
) [14 <../dataAnalysis/output/v2_worst_case_size4_count_1000_numtodo_9/BasicOperations_linear.png> <../dataAnalysis/output/v2_worst_case_size9_count_1000_numtodo_9/BasicOperations_linear.png> <../dataAnalysis/output/v2_worst_case_size16_count_1000_numtodo_9/BasicOperations_linear.png> <../dataAnalysis/output/v2_worst_case_size4_count_1000_numtodo_9/RecursionCount_linear.png> <../dataAnalysis/output/v2_worst_case_size9_count_1000_numtodo_9/RecursionCount_linear.png> <../dataAnalysis/output/v2_worst_case_size16_count_1000_numtodo_9/RecursionCount_linear.png> <../dataAnalysis/output/v2_worst_case_size4_count_1000_numtodo_9/Time_linear.png> <../dataAnalysis/output/v2_worst_case_size9_count_1000_numtodo_9/Time_linear.png> <../dataAnalysis/output/v2_worst_case_size16_count_1000_numtodo_9/Time_linear.png>] (/Users/michaelbeukman/Google Drive/WITS/2020-Year3-Undergrad/COMS/COMS3005-AAA/assignments/assignment2/text/../dataAnalysis/generated/v6.tex
<../dataAnalysis/output/v6/all_BasicOperations.png, id=341, 462.528pt x 346.896pt>
File: ../dataAnalysis/output/v6/all_BasicOperations.png Graphic file (type png)
<use ../dataAnalysis/output/v6/all_BasicOperations.png>
Package pdftex.def Info: ../dataAnalysis/output/v6/all_BasicOperations.png  used on input line 6.
(pdftex.def)             Requested size: 172.5pt x 129.37639pt.
<../dataAnalysis/output/v6/all_RecursionCount.png, id=342, 462.528pt x 346.896pt>
File: ../dataAnalysis/output/v6/all_RecursionCount.png Graphic file (type png)
<use ../dataAnalysis/output/v6/all_RecursionCount.png>
Package pdftex.def Info: ../dataAnalysis/output/v6/all_RecursionCount.png  used on input line 9.
(pdftex.def)             Requested size: 172.5pt x 129.37639pt.
<../dataAnalysis/output/v6/all_Time.png, id=343, 462.528pt x 346.896pt>
File: ../dataAnalysis/output/v6/all_Time.png Graphic file (type png)
<use ../dataAnalysis/output/v6/all_Time.png>
Package pdftex.def Info: ../dataAnalysis/output/v6/all_Time.png  used on input line 12.
(pdftex.def)             Requested size: 172.5pt x 129.37639pt.
) (/Users/michaelbeukman/Google Drive/WITS/2020-Year3-Undergrad/COMS/COMS3005-AAA/assignments/assignment2/text/../dataAnalysis/generated/v5.tex [15 <../dataAnalysis/output/v5_average_case_size4_count_1000_numtodo_15/BasicOperations_linear.png> <../dataAnalysis/output/v5_average_case_size9_count_1000_numtodo_70/BasicOperations_linear.png> <../dataAnalysis/output/v5_average_case_size16_count_1000_numtodo_130/BasicOperations_linear.png> <../dataAnalysis/output/v5_average_case_size4_count_1000_numtodo_15/RecursionCount_linear.png> <../dataAnalysis/output/v5_average_case_size9_count_1000_numtodo_70/RecursionCount_linear.png> <../dataAnalysis/output/v5_average_case_size16_count_1000_numtodo_130/RecursionCount_linear.png> <../dataAnalysis/output/v5_average_case_size4_count_1000_numtodo_15/Time_linear.png> <../dataAnalysis/output/v5_average_case_size9_count_1000_numtodo_70/Time_linear.png> <../dataAnalysis/output/v5_average_case_size16_count_1000_numtodo_130/Time_linear.png>]
<../dataAnalysis/output/v5/bestCase/BasicOperations.png, id=367, 462.528pt x 346.896pt>
File: ../dataAnalysis/output/v5/bestCase/BasicOperations.png Graphic file (type png)
<use ../dataAnalysis/output/v5/bestCase/BasicOperations.png>
Package pdftex.def Info: ../dataAnalysis/output/v5/bestCase/BasicOperations.png  used on input line 6.
(pdftex.def)             Requested size: 172.50185pt x 120.74846pt.
<../dataAnalysis/output/v5/bestCase/RecursionCount.png, id=368, 462.528pt x 346.896pt>
File: ../dataAnalysis/output/v5/bestCase/RecursionCount.png Graphic file (type png)
<use ../dataAnalysis/output/v5/bestCase/RecursionCount.png>
Package pdftex.def Info: ../dataAnalysis/output/v5/bestCase/RecursionCount.png  used on input line 9.
(pdftex.def)             Requested size: 172.50185pt x 120.74846pt.
<../dataAnalysis/output/v5/bestCase/Time.png, id=369, 462.528pt x 346.896pt>
File: ../dataAnalysis/output/v5/bestCase/Time.png Graphic file (type png)
<use ../dataAnalysis/output/v5/bestCase/Time.png>
Package pdftex.def Info: ../dataAnalysis/output/v5/bestCase/Time.png  used on input line 12.
(pdftex.def)             Requested size: 172.50185pt x 120.74846pt.
<../dataAnalysis/output/v5/averageCase/BasicOperations.png, id=370, 462.528pt x 346.896pt>
File: ../dataAnalysis/output/v5/averageCase/BasicOperations.png Graphic file (type png)
<use ../dataAnalysis/output/v5/averageCase/BasicOperations.png>
Package pdftex.def Info: ../dataAnalysis/output/v5/averageCase/BasicOperations.png  used on input line 16.
(pdftex.def)             Requested size: 172.50185pt x 120.74846pt.
<../dataAnalysis/output/v5/averageCase/RecursionCount.png, id=371, 462.528pt x 346.896pt>
File: ../dataAnalysis/output/v5/averageCase/RecursionCount.png Graphic file (type png)
<use ../dataAnalysis/output/v5/averageCase/RecursionCount.png>
Package pdftex.def Info: ../dataAnalysis/output/v5/averageCase/RecursionCount.png  used on input line 19.
(pdftex.def)             Requested size: 172.50185pt x 120.74846pt.
<../dataAnalysis/output/v5/averageCase/Time.png, id=372, 462.528pt x 346.896pt>
File: ../dataAnalysis/output/v5/averageCase/Time.png Graphic file (type png)
<use ../dataAnalysis/output/v5/averageCase/Time.png>
Package pdftex.def Info: ../dataAnalysis/output/v5/averageCase/Time.png  used on input line 22.
(pdftex.def)             Requested size: 172.50185pt x 120.74846pt.
<../dataAnalysis/output/v5/worstCase/BasicOperations.png, id=373, 462.528pt x 346.896pt>
File: ../dataAnalysis/output/v5/worstCase/BasicOperations.png Graphic file (type png)
<use ../dataAnalysis/output/v5/worstCase/BasicOperations.png>
Package pdftex.def Info: ../dataAnalysis/output/v5/worstCase/BasicOperations.png  used on input line 26.
(pdftex.def)             Requested size: 172.50185pt x 120.74846pt.
<../dataAnalysis/output/v5/worstCase/RecursionCount.png, id=374, 462.528pt x 346.896pt>
File: ../dataAnalysis/output/v5/worstCase/RecursionCount.png Graphic file (type png)
<use ../dataAnalysis/output/v5/worstCase/RecursionCount.png>
Package pdftex.def Info: ../dataAnalysis/output/v5/worstCase/RecursionCount.png  used on input line 29.
(pdftex.def)             Requested size: 172.50185pt x 120.74846pt.
<../dataAnalysis/output/v5/worstCase/Time.png, id=375, 462.528pt x 346.896pt>
File: ../dataAnalysis/output/v5/worstCase/Time.png Graphic file (type png)
<use ../dataAnalysis/output/v5/worstCase/Time.png>
Package pdftex.def Info: ../dataAnalysis/output/v5/worstCase/Time.png  used on input line 32.
(pdftex.def)             Requested size: 172.50185pt x 120.74846pt.
) [16 <../dataAnalysis/output/v6/all_BasicOperations.png> <../dataAnalysis/output/v6/all_RecursionCount.png> <../dataAnalysis/output/v6/all_Time.png>] (/Users/michaelbeukman/Google Drive/WITS/2020-Year3-Undergrad/COMS/COMS3005-AAA/assignments/assignment2/text/../dataAnalysis/generated/v4.tex
<../dataAnalysis/output/v4_boards4_count_1000/NumberofEmptyCells_bar.png, id=387, 462.528pt x 346.896pt>
File: ../dataAnalysis/output/v4_boards4_count_1000/NumberofEmptyCells_bar.png Graphic file (type png)
<use ../dataAnalysis/output/v4_boards4_count_1000/NumberofEmptyCells_bar.png>
Package pdftex.def Info: ../dataAnalysis/output/v4_boards4_count_1000/NumberofEmptyCells_bar.png  used on input line 6.
(pdftex.def)             Requested size: 172.50185pt x 120.74846pt.
<../dataAnalysis/output/v4_boards9_count_1000/NumberofEmptyCells_bar.png, id=388, 462.528pt x 346.896pt>
File: ../dataAnalysis/output/v4_boards9_count_1000/NumberofEmptyCells_bar.png Graphic file (type png)
<use ../dataAnalysis/output/v4_boards9_count_1000/NumberofEmptyCells_bar.png>
Package pdftex.def Info: ../dataAnalysis/output/v4_boards9_count_1000/NumberofEmptyCells_bar.png  used on input line 9.
(pdftex.def)             Requested size: 172.50185pt x 120.74846pt.
<../dataAnalysis/output/v4_boards16_count_1000/NumberofEmptyCells_bar.png, id=389, 462.528pt x 346.896pt>
File: ../dataAnalysis/output/v4_boards16_count_1000/NumberofEmptyCells_bar.png Graphic file (type png)
<use ../dataAnalysis/output/v4_boards16_count_1000/NumberofEmptyCells_bar.png>
Package pdftex.def Info: ../dataAnalysis/output/v4_boards16_count_1000/NumberofEmptyCells_bar.png  used on input line 12.
(pdftex.def)             Requested size: 172.50185pt x 120.74846pt.
 [17 <../dataAnalysis/output/v5/bestCase/BasicOperations.png> <../dataAnalysis/output/v5/bestCase/RecursionCount.png> <../dataAnalysis/output/v5/bestCase/Time.png> <../dataAnalysis/output/v5/averageCase/BasicOperations.png> <../dataAnalysis/output/v5/averageCase/RecursionCount.png> <../dataAnalysis/output/v5/averageCase/Time.png> <../dataAnalysis/output/v5/worstCase/BasicOperations.png> <../dataAnalysis/output/v5/worstCase/RecursionCount.png> <../dataAnalysis/output/v5/worstCase/Time.png>]
<../dataAnalysis/output/v4_boards4_count_1000/NumberofBasicOperations_bar.png, id=413, 462.528pt x 346.896pt>
File: ../dataAnalysis/output/v4_boards4_count_1000/NumberofBasicOperations_bar.png Graphic file (type png)
<use ../dataAnalysis/output/v4_boards4_count_1000/NumberofBasicOperations_bar.png>
Package pdftex.def Info: ../dataAnalysis/output/v4_boards4_count_1000/NumberofBasicOperations_bar.png  used on input line 19.
(pdftex.def)             Requested size: 172.50185pt x 120.74846pt.
<../dataAnalysis/output/v4_boards9_count_1000/NumberofBasicOperations_bar.png, id=414, 462.528pt x 346.896pt>
File: ../dataAnalysis/output/v4_boards9_count_1000/NumberofBasicOperations_bar.png Graphic file (type png)
<use ../dataAnalysis/output/v4_boards9_count_1000/NumberofBasicOperations_bar.png>
Package pdftex.def Info: ../dataAnalysis/output/v4_boards9_count_1000/NumberofBasicOperations_bar.png  used on input line 22.
(pdftex.def)             Requested size: 172.50185pt x 120.74846pt.
<../dataAnalysis/output/v4_boards16_count_1000/NumberofBasicOperations_bar.png, id=415, 462.528pt x 346.896pt>
File: ../dataAnalysis/output/v4_boards16_count_1000/NumberofBasicOperations_bar.png Graphic file (type png)
<use ../dataAnalysis/output/v4_boards16_count_1000/NumberofBasicOperations_bar.png>
Package pdftex.def Info: ../dataAnalysis/output/v4_boards16_count_1000/NumberofBasicOperations_bar.png  used on input line 25.
(pdftex.def)             Requested size: 172.50185pt x 120.74846pt.
<../dataAnalysis/output/v4_boards4_count_1000/RecursionCount_bar.png, id=416, 462.528pt x 346.896pt>
File: ../dataAnalysis/output/v4_boards4_count_1000/RecursionCount_bar.png Graphic file (type png)
<use ../dataAnalysis/output/v4_boards4_count_1000/RecursionCount_bar.png>
Package pdftex.def Info: ../dataAnalysis/output/v4_boards4_count_1000/RecursionCount_bar.png  used on input line 32.
(pdftex.def)             Requested size: 172.50185pt x 120.74846pt.
<../dataAnalysis/output/v4_boards9_count_1000/RecursionCount_bar.png, id=417, 462.528pt x 346.896pt>
File: ../dataAnalysis/output/v4_boards9_count_1000/RecursionCount_bar.png Graphic file (type png)
<use ../dataAnalysis/output/v4_boards9_count_1000/RecursionCount_bar.png>
Package pdftex.def Info: ../dataAnalysis/output/v4_boards9_count_1000/RecursionCount_bar.png  used on input line 35.
(pdftex.def)             Requested size: 172.50185pt x 120.74846pt.
<../dataAnalysis/output/v4_boards16_count_1000/RecursionCount_bar.png, id=418, 462.528pt x 346.896pt>
File: ../dataAnalysis/output/v4_boards16_count_1000/RecursionCount_bar.png Graphic file (type png)
<use ../dataAnalysis/output/v4_boards16_count_1000/RecursionCount_bar.png>
Package pdftex.def Info: ../dataAnalysis/output/v4_boards16_count_1000/RecursionCount_bar.png  used on input line 38.
(pdftex.def)             Requested size: 172.50185pt x 120.74846pt.
 [18 <../dataAnalysis/output/v4_boards4_count_1000/NumberofEmptyCells_bar.png> <../dataAnalysis/output/v4_boards9_count_1000/NumberofEmptyCells_bar.png> <../dataAnalysis/output/v4_boards16_count_1000/NumberofEmptyCells_bar.png> <../dataAnalysis/output/v4_boards4_count_1000/NumberofBasicOperations_bar.png> <../dataAnalysis/output/v4_boards9_count_1000/NumberofBasicOperations_bar.png> <../dataAnalysis/output/v4_boards16_count_1000/NumberofBasicOperations_bar.png>]
<../dataAnalysis/output/v4_boards4_count_1000/Time_bar.png, id=437, 462.528pt x 346.896pt>
File: ../dataAnalysis/output/v4_boards4_count_1000/Time_bar.png Graphic file (type png)
<use ../dataAnalysis/output/v4_boards4_count_1000/Time_bar.png>
Package pdftex.def Info: ../dataAnalysis/output/v4_boards4_count_1000/Time_bar.png  used on input line 45.
(pdftex.def)             Requested size: 172.50185pt x 120.74846pt.
<../dataAnalysis/output/v4_boards9_count_1000/Time_bar.png, id=438, 462.528pt x 346.896pt>
File: ../dataAnalysis/output/v4_boards9_count_1000/Time_bar.png Graphic file (type png)
<use ../dataAnalysis/output/v4_boards9_count_1000/Time_bar.png>
Package pdftex.def Info: ../dataAnalysis/output/v4_boards9_count_1000/Time_bar.png  used on input line 48.
(pdftex.def)             Requested size: 172.50185pt x 120.74846pt.
<../dataAnalysis/output/v4_boards16_count_1000/Time_bar.png, id=439, 462.528pt x 346.896pt>
File: ../dataAnalysis/output/v4_boards16_count_1000/Time_bar.png Graphic file (type png)
<use ../dataAnalysis/output/v4_boards16_count_1000/Time_bar.png>
Package pdftex.def Info: ../dataAnalysis/output/v4_boards16_count_1000/Time_bar.png  used on input line 51.
(pdftex.def)             Requested size: 172.50185pt x 120.74846pt.
<../dataAnalysis/output/v4_boards4_count_1000/NumberofEmptyCells_box.png, id=440, 462.528pt x 346.896pt>
File: ../dataAnalysis/output/v4_boards4_count_1000/NumberofEmptyCells_box.png Graphic file (type png)
<use ../dataAnalysis/output/v4_boards4_count_1000/NumberofEmptyCells_box.png>
Package pdftex.def Info: ../dataAnalysis/output/v4_boards4_count_1000/NumberofEmptyCells_box.png  used on input line 58.
(pdftex.def)             Requested size: 172.50185pt x 120.74846pt.
<../dataAnalysis/output/v4_boards9_count_1000/NumberofEmptyCells_box.png, id=441, 462.528pt x 346.896pt>
File: ../dataAnalysis/output/v4_boards9_count_1000/NumberofEmptyCells_box.png Graphic file (type png)
<use ../dataAnalysis/output/v4_boards9_count_1000/NumberofEmptyCells_box.png>
Package pdftex.def Info: ../dataAnalysis/output/v4_boards9_count_1000/NumberofEmptyCells_box.png  used on input line 61.
(pdftex.def)             Requested size: 172.50185pt x 120.74846pt.
<../dataAnalysis/output/v4_boards16_count_1000/NumberofEmptyCells_box.png, id=442, 462.528pt x 346.896pt>
File: ../dataAnalysis/output/v4_boards16_count_1000/NumberofEmptyCells_box.png Graphic file (type png)
<use ../dataAnalysis/output/v4_boards16_count_1000/NumberofEmptyCells_box.png>
Package pdftex.def Info: ../dataAnalysis/output/v4_boards16_count_1000/NumberofEmptyCells_box.png  used on input line 64.
(pdftex.def)             Requested size: 172.50185pt x 120.74846pt.
<../dataAnalysis/output/v4_boards4_count_1000/NumberofBasicOperations_box.png, id=443, 462.528pt x 346.896pt>
File: ../dataAnalysis/output/v4_boards4_count_1000/NumberofBasicOperations_box.png Graphic file (type png)
<use ../dataAnalysis/output/v4_boards4_count_1000/NumberofBasicOperations_box.png>
Package pdftex.def Info: ../dataAnalysis/output/v4_boards4_count_1000/NumberofBasicOperations_box.png  used on input line 71.
(pdftex.def)             Requested size: 172.50185pt x 120.74846pt.
<../dataAnalysis/output/v4_boards9_count_1000/NumberofBasicOperations_box.png, id=444, 462.528pt x 346.896pt>
File: ../dataAnalysis/output/v4_boards9_count_1000/NumberofBasicOperations_box.png Graphic file (type png)
<use ../dataAnalysis/output/v4_boards9_count_1000/NumberofBasicOperations_box.png>
Package pdftex.def Info: ../dataAnalysis/output/v4_boards9_count_1000/NumberofBasicOperations_box.png  used on input line 74.
(pdftex.def)             Requested size: 172.50185pt x 120.74846pt.
<../dataAnalysis/output/v4_boards16_count_1000/NumberofBasicOperations_box.png, id=445, 462.528pt x 346.896pt>
File: ../dataAnalysis/output/v4_boards16_count_1000/NumberofBasicOperations_box.png Graphic file (type png)
<use ../dataAnalysis/output/v4_boards16_count_1000/NumberofBasicOperations_box.png>
Package pdftex.def Info: ../dataAnalysis/output/v4_boards16_count_1000/NumberofBasicOperations_box.png  used on input line 77.
(pdftex.def)             Requested size: 172.50185pt x 120.74846pt.
 [19 <../dataAnalysis/output/v4_boards4_count_1000/RecursionCount_bar.png> <../dataAnalysis/output/v4_boards9_count_1000/RecursionCount_bar.png> <../dataAnalysis/output/v4_boards16_count_1000/RecursionCount_bar.png> <../dataAnalysis/output/v4_boards4_count_1000/Time_bar.png> <../dataAnalysis/output/v4_boards9_count_1000/Time_bar.png> <../dataAnalysis/output/v4_boards16_count_1000/Time_bar.png> <../dataAnalysis/output/v4_boards4_count_1000/NumberofEmptyCells_box.png> <../dataAnalysis/output/v4_boards9_count_1000/NumberofEmptyCells_box.png> <../dataAnalysis/output/v4_boards16_count_1000/NumberofEmptyCells_box.png>]
<../dataAnalysis/output/v4_boards4_count_1000/RecursionCount_box.png, id=472, 462.528pt x 346.896pt>
File: ../dataAnalysis/output/v4_boards4_count_1000/RecursionCount_box.png Graphic file (type png)
<use ../dataAnalysis/output/v4_boards4_count_1000/RecursionCount_box.png>
Package pdftex.def Info: ../dataAnalysis/output/v4_boards4_count_1000/RecursionCount_box.png  used on input line 84.
(pdftex.def)             Requested size: 172.50185pt x 120.74846pt.
<../dataAnalysis/output/v4_boards9_count_1000/RecursionCount_box.png, id=473, 462.528pt x 346.896pt>
File: ../dataAnalysis/output/v4_boards9_count_1000/RecursionCount_box.png Graphic file (type png)
<use ../dataAnalysis/output/v4_boards9_count_1000/RecursionCount_box.png>
Package pdftex.def Info: ../dataAnalysis/output/v4_boards9_count_1000/RecursionCount_box.png  used on input line 87.
(pdftex.def)             Requested size: 172.50185pt x 120.74846pt.
<../dataAnalysis/output/v4_boards16_count_1000/RecursionCount_box.png, id=474, 462.528pt x 346.896pt>
File: ../dataAnalysis/output/v4_boards16_count_1000/RecursionCount_box.png Graphic file (type png)
<use ../dataAnalysis/output/v4_boards16_count_1000/RecursionCount_box.png>
Package pdftex.def Info: ../dataAnalysis/output/v4_boards16_count_1000/RecursionCount_box.png  used on input line 90.
(pdftex.def)             Requested size: 172.50185pt x 120.74846pt.
<../dataAnalysis/output/v4_boards4_count_1000/Time_box.png, id=475, 462.528pt x 346.896pt>
File: ../dataAnalysis/output/v4_boards4_count_1000/Time_box.png Graphic file (type png)
<use ../dataAnalysis/output/v4_boards4_count_1000/Time_box.png>
Package pdftex.def Info: ../dataAnalysis/output/v4_boards4_count_1000/Time_box.png  used on input line 97.
(pdftex.def)             Requested size: 172.50185pt x 120.74846pt.
<../dataAnalysis/output/v4_boards9_count_1000/Time_box.png, id=476, 462.528pt x 346.896pt>
File: ../dataAnalysis/output/v4_boards9_count_1000/Time_box.png Graphic file (type png)
<use ../dataAnalysis/output/v4_boards9_count_1000/Time_box.png>
Package pdftex.def Info: ../dataAnalysis/output/v4_boards9_count_1000/Time_box.png  used on input line 100.
(pdftex.def)             Requested size: 172.50185pt x 120.74846pt.
<../dataAnalysis/output/v4_boards16_count_1000/Time_box.png, id=477, 462.528pt x 346.896pt>
File: ../dataAnalysis/output/v4_boards16_count_1000/Time_box.png Graphic file (type png)
<use ../dataAnalysis/output/v4_boards16_count_1000/Time_box.png>
Package pdftex.def Info: ../dataAnalysis/output/v4_boards16_count_1000/Time_box.png  used on input line 103.
(pdftex.def)             Requested size: 172.50185pt x 120.74846pt.
<../dataAnalysis/output/v4_boards_all/NumberofBasicOperations.png, id=478, 462.528pt x 346.896pt>
File: ../dataAnalysis/output/v4_boards_all/NumberofBasicOperations.png Graphic file (type png)
<use ../dataAnalysis/output/v4_boards_all/NumberofBasicOperations.png>
Package pdftex.def Info: ../dataAnalysis/output/v4_boards_all/NumberofBasicOperations.png  used on input line 110.
(pdftex.def)             Requested size: 172.50185pt x 120.74846pt.
<../dataAnalysis/output/v4_boards_all/RecursionCount.png, id=479, 462.528pt x 346.896pt>
File: ../dataAnalysis/output/v4_boards_all/RecursionCount.png Graphic file (type png)
<use ../dataAnalysis/output/v4_boards_all/RecursionCount.png>
Package pdftex.def Info: ../dataAnalysis/output/v4_boards_all/RecursionCount.png  used on input line 113.
(pdftex.def)             Requested size: 172.50185pt x 120.74846pt.
<../dataAnalysis/output/v4_boards_all/Time.png, id=480, 462.528pt x 346.896pt>
File: ../dataAnalysis/output/v4_boards_all/Time.png Graphic file (type png)
<use ../dataAnalysis/output/v4_boards_all/Time.png>
Package pdftex.def Info: ../dataAnalysis/output/v4_boards_all/Time.png  used on input line 116.
(pdftex.def)             Requested size: 172.50185pt x 120.74846pt.
 [20 <../dataAnalysis/output/v4_boards4_count_1000/NumberofBasicOperations_box.png> <../dataAnalysis/output/v4_boards9_count_1000/NumberofBasicOperations_box.png> <../dataAnalysis/output/v4_boards16_count_1000/NumberofBasicOperations_box.png> <../dataAnalysis/output/v4_boards4_count_1000/RecursionCount_box.png> <../dataAnalysis/output/v4_boards9_count_1000/RecursionCount_box.png> <../dataAnalysis/output/v4_boards16_count_1000/RecursionCount_box.png> <../dataAnalysis/output/v4_boards4_count_1000/Time_box.png> <../dataAnalysis/output/v4_boards9_count_1000/Time_box.png> <../dataAnalysis/output/v4_boards16_count_1000/Time_box.png>])
Underfull \hbox (badness 10000) in paragraph at lines 413--438

 []


Underfull \hbox (badness 10000) in paragraph at lines 413--438

 []


Underfull \hbox (badness 10000) in paragraph at lines 413--438

 []


Underfull \hbox (badness 10000) in paragraph at lines 413--438

 []

[21 <../dataAnalysis/output/v4_boards_all/NumberofBasicOperations.png> <../dataAnalysis/output/v4_boards_all/RecursionCount.png> <../dataAnalysis/output/v4_boards_all/Time.png>]
Underfull \hbox (badness 10000) in paragraph at lines 442--454

 []


Underfull \hbox (badness 10000) in paragraph at lines 442--454

 []


Underfull \hbox (badness 10000) in paragraph at lines 455--462

 []


Underfull \hbox (badness 10000) in paragraph at lines 463--483

 []


Underfull \hbox (badness 10000) in paragraph at lines 463--483

 []


Underfull \hbox (badness 10000) in paragraph at lines 463--483

 []


Underfull \hbox (badness 10000) in paragraph at lines 463--483

 []

[22]
Overfull \hbox (0.5284pt too wide) in paragraph at lines 487--494
[]\OT1/cmr/m/n/10 When fit-ting the curves to de-scribe the boards, we did not have many points(only
 []


Underfull \hbox (badness 10000) in paragraph at lines 487--494

 []


Underfull \hbox (badness 10000) in paragraph at lines 495--504

 []


Underfull \hbox (badness 10000) in paragraph at lines 495--504

 []

(/Users/michaelbeukman/Google Drive/WITS/2020-Year3-Undergrad/COMS/COMS3005-AAA/assignments/assignment2/text/v3.bbl [23]) (/Users/michaelbeukman/Google Drive/WITS/2020-Year3-Undergrad/COMS/COMS3005-AAA/assignments/assignment2/text/../dataAnalysis/generated/regression.tex)
Package atveryend Info: Empty hook `BeforeClearDocument' on input line 532.

Underfull \hbox (badness 10000) in paragraph at lines 522--532

 []


LaTeX Warning: `!h' float specifier changed to `!ht'.

[24] [25]
Package atveryend Info: Empty hook `AfterLastShipout' on input line 532.
 (/Users/michaelbeukman/Google Drive/WITS/2020-Year3-Undergrad/COMS/COMS3005-AAA/assignments/assignment2/text/v3.aux)
Package atveryend Info: Executing hook `AtVeryEndDocument' on input line 532.
Package atveryend Info: Executing hook `AtEndAfterFileList' on input line 532.
Package rerunfilecheck Info: File `v3.out' has not changed.
(rerunfilecheck)             Checksum: A2B05F4ABFA7EFBDFB6053711776C57E;1682.
Package atveryend Info: Empty hook `AtVeryVeryEnd' on input line 532.
 ) 
Here is how much of TeX's memory you used:
 10265 strings out of 492649
 178590 string characters out of 6129621
 276578 words of memory out of 5000000
 13745 multiletter control sequences out of 15000+600000
 12159 words of font info for 47 fonts, out of 8000000 for 9000
 1141 hyphenation exceptions out of 8191
 44i,18n,87p,517b,559s stack positions out of 5000i,500n,10000p,200000b,80000s
</usr/local/texlive/2018/texmf-dist/fonts/type1/public/amsfonts/cm/cmbx10.pfb></usr/local/texlive/2018/texmf-dist/fonts/type1/public/amsfonts/cm/cmbx12.pfb></usr/local/texlive/2018/texmf-dist/fonts/type1/public/amsfonts/cm/cmbx7.pfb></usr/local/texlive/2018/texmf-dist/fonts/type1/public/amsfonts/cm/cmex10.pfb></usr/local/texlive/2018/texmf-dist/fonts/type1/public/amsfonts/cm/cmmi10.pfb></usr/local/texlive/2018/texmf-dist/fonts/type1/public/amsfonts/cm/cmmi6.pfb></usr/local/texlive/2018/texmf-dist/fonts/type1/public/amsfonts/cm/cmmi7.pfb></usr/local/texlive/2018/texmf-dist/fonts/type1/public/amsfonts/cm/cmmi8.pfb></usr/local/texlive/2018/texmf-dist/fonts/type1/public/amsfonts/cm/cmr10.pfb></usr/local/texlive/2018/texmf-dist/fonts/type1/public/amsfonts/cm/cmr12.pfb></usr/local/texlive/2018/texmf-dist/fonts/type1/public/amsfonts/cm/cmr17.pfb></usr/local/texlive/2018/texmf-dist/fonts/type1/public/amsfonts/cm/cmr5.pfb></usr/local/texlive/2018/texmf-dist/fonts/type1/public/amsfonts/cm/cmr6.pfb></usr/local/texlive/2018/texmf-dist/fonts/type1/public/amsfonts/cm/cmr7.pfb></usr/local/texlive/2018/texmf-dist/fonts/type1/public/amsfonts/cm/cmr8.pfb></usr/local/texlive/2018/texmf-dist/fonts/type1/public/amsfonts/cm/cmsy10.pfb></usr/local/texlive/2018/texmf-dist/fonts/type1/public/amsfonts/cm/cmsy8.pfb></usr/local/texlive/2018/texmf-dist/fonts/type1/public/amsfonts/cm/cmti10.pfb>
Output written on "/Users/michaelbeukman/Google Drive/WITS/2020-Year3-Undergrad/COMS/COMS3005-AAA/assignments/assignment2/text/v3.pdf" (25 pages, 1777795 bytes).
PDF statistics:
 637 PDF objects out of 1000 (max. 8388607)
 446 compressed objects within 5 object streams
 179 named destinations out of 1000 (max. 500000)
 567 words of extra memory for PDF output out of 10000 (max. 10000000)

